2024-03-15 03:48:43,469 - Using device: cpu
2024-03-15 03:48:43,469 - 
 Time start: 1710449323

2024-03-15 03:48:43,469 - 
Epoch: 0

2024-03-15 03:49:42,343 - Epoch: 1/10 Training Loss: 0.2961 Eval Loss: 0.0728 Accuracy: 0.9741 Ram: 75.5000 CPU: 2.4000
2024-03-15 03:49:42,343 - 
Epoch: 1

2024-03-15 03:50:41,222 - Epoch: 2/10 Training Loss: 0.0903 Eval Loss: 0.0504 Accuracy: 0.9831 Ram: 75.7000 CPU: 1.3000
2024-03-15 03:50:41,223 - 
Epoch: 2

2024-03-15 03:51:40,095 - Epoch: 3/10 Training Loss: 0.0165 Eval Loss: 0.0411 Accuracy: 0.9865 Ram: 76.0000 CPU: 2.4000
2024-03-15 03:51:40,095 - 
Epoch: 3

2024-03-15 03:52:40,311 - Epoch: 4/10 Training Loss: 0.0062 Eval Loss: 0.0358 Accuracy: 0.9888 Ram: 76.0000 CPU: 1.5000
2024-03-15 03:52:40,321 - 
Epoch: 4

2024-03-15 03:53:39,613 - Epoch: 5/10 Training Loss: 0.0144 Eval Loss: 0.0337 Accuracy: 0.9892 Ram: 76.1000 CPU: 2.0000
2024-03-15 03:53:39,613 - 
Epoch: 5

2024-03-15 14:42:25,377 - Using device: cpu
2024-03-15 14:42:25,377 - 
 Time start: 1710488545

2024-03-15 14:42:25,377 - 
Epoch: 1

2024-03-15 14:42:31,993 - Using device: cpu
2024-03-15 14:42:31,993 - 
 Time start: 1710488551

2024-03-15 14:42:31,994 - 
Epoch: 1

2024-03-15 20:16:37,332 - Using device: cpu
2024-03-15 20:16:37,333 - 
 Time start: 1710508597

2024-03-15 20:16:37,333 - 
Epoch: 1

2024-03-15 20:17:15,972 - Using device: cpu
2024-03-15 20:17:15,972 - 
 Time start: 1710508635

2024-03-15 20:17:15,972 - 
Epoch: 1

2024-03-15 20:18:40,970 - Using device: cpu
2024-03-15 20:18:40,970 - 
 Time start: 1710508720

2024-03-15 20:18:40,970 - 
Epoch: 1

2024-03-15 20:21:55,206 - Using device: cpu
2024-03-15 20:21:55,206 - 
 Time start: 1710508915

2024-03-15 20:21:55,206 - 
Epoch: 1

2024-03-15 21:15:28,776 - Using device: cpu
2024-03-15 21:15:28,776 - 
 Time start: 1710512128

2024-03-15 21:15:28,776 - 
Epoch: 1

2024-03-15 21:15:40,419 - 
Epoch: 1/10 Training Loss: 0.1771 Eval Loss: 0.1222 Accuracy: 0.9615 Ram: 74.1000 CPU: 1.3000
2024-03-15 21:15:40,419 - 
Epoch: 2

2024-03-15 21:15:52,278 - 
Epoch: 2/10 Training Loss: 0.1518 Eval Loss: 0.1029 Accuracy: 0.9630 Ram: 74.6000 CPU: 1.0000
2024-03-15 21:15:52,278 - 
Epoch: 3

2024-03-15 21:16:04,150 - 
Epoch: 3/10 Training Loss: 0.0827 Eval Loss: 0.0861 Accuracy: 0.9708 Ram: 75.0000 CPU: 1.8000
2024-03-15 21:16:04,151 - 
Epoch: 4

2024-03-15 21:16:15,793 - 
Epoch: 4/10 Training Loss: 0.0473 Eval Loss: 0.0798 Accuracy: 0.9745 Ram: 74.6000 CPU: 0.4000
2024-03-15 21:16:15,794 - 
Epoch: 5

2024-03-15 21:16:27,473 - 
Epoch: 5/10 Training Loss: 0.0206 Eval Loss: 0.0700 Accuracy: 0.9771 Ram: 74.4000 CPU: 0.2000
2024-03-15 21:16:27,473 - 
Epoch: 6

2024-03-15 21:16:39,284 - 
Epoch: 6/10 Training Loss: 0.0947 Eval Loss: 0.0771 Accuracy: 0.9740 Ram: 74.4000 CPU: 0.1000
2024-03-15 21:16:39,284 - 
Epoch: 7

2024-03-15 21:16:51,039 - 
Epoch: 7/10 Training Loss: 0.1035 Eval Loss: 0.0620 Accuracy: 0.9771 Ram: 73.6000 CPU: 0.4000
2024-03-15 21:16:51,039 - 
Epoch: 8

2024-03-15 21:17:02,736 - 
Epoch: 8/10 Training Loss: 0.0211 Eval Loss: 0.0733 Accuracy: 0.9745 Ram: 73.6000 CPU: 0.3000
2024-03-15 21:17:02,737 - 
Epoch: 9

2024-03-15 21:17:14,433 - 
Epoch: 9/10 Training Loss: 0.0322 Eval Loss: 0.0554 Accuracy: 0.9802 Ram: 73.6000 CPU: 0.2000
2024-03-15 21:17:14,433 - 
Epoch: 10

2024-03-15 21:17:26,133 - 
Epoch: 10/10 Training Loss: 0.0434 Eval Loss: 0.0599 Accuracy: 0.9766 Ram: 73.6000 CPU: 0.3000
2024-03-15 21:17:26,134 - 
 Time end: 1710512246

