2024-03-16 14:11:08,744 - Using device: cpu
2024-03-16 14:11:08,744 - 
 Time start: 1710573068

2024-03-16 14:11:08,744 - 
Epoch: 1

2024-03-16 14:11:51,117 - 
Epoch: 1/10 Training Loss: 0.1035 Eval Loss: 0.0935 Accuracy: 0.9698 Ram: 57.1000 CPU: 4.1000
2024-03-16 14:11:51,117 - 
Epoch: 2

2024-03-16 14:12:34,971 - 
Epoch: 2/10 Training Loss: 0.0956 Eval Loss: 0.0753 Accuracy: 0.9732 Ram: 57.9000 CPU: 3.5000
2024-03-16 14:12:34,971 - 
Epoch: 3

2024-03-16 14:13:16,647 - 
Epoch: 3/10 Training Loss: 0.0314 Eval Loss: 0.0612 Accuracy: 0.9799 Ram: 56.9000 CPU: 3.1000
2024-03-16 14:13:16,647 - 
Epoch: 4

2024-03-16 14:14:01,946 - 
Epoch: 4/10 Training Loss: 0.1029 Eval Loss: 0.0737 Accuracy: 0.9715 Ram: 65.4000 CPU: 4.2000
2024-03-16 14:14:01,947 - 
Epoch: 5

2024-03-16 14:14:50,426 - 
Epoch: 5/10 Training Loss: 0.0173 Eval Loss: 0.0435 Accuracy: 0.9854 Ram: 67.3000 CPU: 4.0000
2024-03-16 14:14:50,426 - 
Epoch: 6

2024-03-16 14:15:39,128 - 
Epoch: 6/10 Training Loss: 0.0159 Eval Loss: 0.0440 Accuracy: 0.9844 Ram: 66.7000 CPU: 3.7000
2024-03-16 14:15:39,128 - 
Epoch: 7

2024-03-16 14:16:27,625 - 
Epoch: 7/10 Training Loss: 0.0154 Eval Loss: 0.0385 Accuracy: 0.9863 Ram: 66.8000 CPU: 4.4000
2024-03-16 14:16:27,625 - 
Epoch: 8

2024-03-16 14:17:16,205 - 
Epoch: 8/10 Training Loss: 0.0086 Eval Loss: 0.0355 Accuracy: 0.9891 Ram: 66.2000 CPU: 3.8000
2024-03-16 14:17:16,205 - 
Epoch: 9

2024-03-16 14:18:04,707 - 
Epoch: 9/10 Training Loss: 0.0137 Eval Loss: 0.0345 Accuracy: 0.9882 Ram: 67.6000 CPU: 3.6000
2024-03-16 14:18:04,707 - 
Epoch: 10

2024-03-16 14:18:53,465 - 
Epoch: 10/10 Training Loss: 0.0753 Eval Loss: 0.0351 Accuracy: 0.9861 Ram: 63.7000 CPU: 3.9000
2024-03-16 14:18:53,465 - 
 Time end: 1710573533

2024-03-16 14:19:07,170 - Using device: cpu
2024-03-16 14:19:07,170 - 
 Time start: 1710573547

2024-03-16 14:19:07,170 - 
Epoch: 1

2024-03-16 14:20:44,708 - 
Epoch: 1/10 Training Loss: 0.0847 Eval Loss: 0.1071 Accuracy: 0.9616 Ram: 58.0000 CPU: 3.5000
2024-03-16 14:20:44,708 - 
Epoch: 2

2024-03-16 14:22:26,129 - 
Epoch: 2/10 Training Loss: 0.0577 Eval Loss: 0.0524 Accuracy: 0.9814 Ram: 58.8000 CPU: 3.1000
2024-03-16 14:22:26,129 - 
Epoch: 3

2024-03-16 14:24:18,878 - 
Epoch: 3/10 Training Loss: 0.0234 Eval Loss: 0.0433 Accuracy: 0.9842 Ram: 62.2000 CPU: 3.6000
2024-03-16 14:24:18,878 - 
Epoch: 4

2024-03-16 14:26:08,236 - 
Epoch: 4/10 Training Loss: 0.0229 Eval Loss: 0.0365 Accuracy: 0.9867 Ram: 62.4000 CPU: 3.7000
2024-03-16 14:26:08,236 - 
Epoch: 5

2024-03-16 14:27:58,014 - 
Epoch: 5/10 Training Loss: 0.1156 Eval Loss: 0.0340 Accuracy: 0.9869 Ram: 61.6000 CPU: 3.3000
2024-03-16 14:27:58,014 - 
Epoch: 6

2024-03-16 14:29:48,148 - 
Epoch: 6/10 Training Loss: 0.0189 Eval Loss: 0.0290 Accuracy: 0.9894 Ram: 61.1000 CPU: 3.1000
2024-03-16 14:29:48,148 - 
Epoch: 7

2024-03-16 14:31:37,919 - 
Epoch: 7/10 Training Loss: 0.0044 Eval Loss: 0.0314 Accuracy: 0.9892 Ram: 63.4000 CPU: 3.5000
2024-03-16 14:31:37,919 - 
Epoch: 8

2024-03-16 14:33:27,054 - 
Epoch: 8/10 Training Loss: 0.0579 Eval Loss: 0.0272 Accuracy: 0.9903 Ram: 64.8000 CPU: 3.0000
2024-03-16 14:33:27,054 - 
Epoch: 9

2024-03-16 14:35:16,043 - 
Epoch: 9/10 Training Loss: 0.0062 Eval Loss: 0.0246 Accuracy: 0.9912 Ram: 62.8000 CPU: 2.8000
2024-03-16 14:35:16,043 - 
Epoch: 10

2024-03-16 14:37:00,553 - 
Epoch: 10/10 Training Loss: 0.0080 Eval Loss: 0.0261 Accuracy: 0.9909 Ram: 63.1000 CPU: 3.3000
2024-03-16 14:37:00,553 - 
 Time end: 1710574620

