2024-03-21 18:31:02,337 - Using device: cpu
2024-03-21 18:31:02,337 - 
 Time start: 1711020662

2024-03-21 18:31:02,337 - 
Epoch: 1

2024-03-21 18:50:27,092 - Using device: cpu
2024-03-21 18:50:27,092 - 
 Time start: 1711021827

2024-03-21 18:50:27,092 - 
Epoch: 1

2024-03-21 18:51:06,404 - Using device: cpu
2024-03-21 18:51:06,404 - 
 Time start: 1711021866

2024-03-21 18:51:06,404 - 
Epoch: 1

2024-03-21 19:06:04,935 - Using device: cpu
2024-03-21 19:06:04,935 - 
 Time start: 1711022764

2024-03-21 19:06:04,935 - 
Epoch: 1

2024-03-21 19:08:01,817 - 
Epoch: 1/10 Training Loss: 0.0003 Eval Loss: 0.0002 Accuracy: 1.0000 Ram: 79.8000 CPU: 2.3000
2024-03-21 19:08:01,818 - 
Epoch: 2

2024-03-21 19:10:00,129 - 
Epoch: 2/10 Training Loss: 0.0000 Eval Loss: 0.0000 Accuracy: 1.0000 Ram: 80.2000 CPU: 2.4000
2024-03-21 19:10:00,129 - 
Epoch: 3

2024-03-21 19:11:58,609 - 
Epoch: 3/10 Training Loss: 0.0000 Eval Loss: 0.0000 Accuracy: 1.0000 Ram: 77.9000 CPU: 2.4000
2024-03-21 19:11:58,609 - 
Epoch: 4

